10-mrt-2014 13:24:07	MPR2	D:\bu\Users\Thijs\workspace\thesis_multicore\interfaceIn.xml	 Ak_max(calculated)164482.47920611047
10-mrt-2014 14:27:42	MPR2	D:\bu\Users\Thijs\workspace\thesis_multicore\interfaceIn.xml	 Ak_max(calculated)1353889.5104772595
10-mrt-2014 14:27:42	MPR2	D:\bu\Users\Thijs\workspace\thesis_multicore\interfaceIn.xml	 Ak_max(calculated)418357.61797083094
10-mrt-2014 14:27:42	MPR2	D:\bu\Users\Thijs\workspace\thesis_multicore\interfaceIn.xml	 Ak_max(calculated)247074.318152948
10-mrt-2014 14:27:42	MPR2	D:\bu\Users\Thijs\workspace\thesis_multicore\interfaceIn.xml	 Ak_max(calculated)175136.03615947525
10-mrt-2014 14:27:42	MPR2	D:\bu\Users\Thijs\workspace\thesis_multicore\interfaceIn.xml	 Ak_max(calculated)135542.0735158359
10-mrt-2014 14:27:42	MPR2	D:\bu\Users\Thijs\workspace\thesis_multicore\interfaceIn.xml	 Ak_max(calculated)110482.45974741093
10-mrt-2014 14:27:42	MPR2	D:\bu\Users\Thijs\workspace\thesis_multicore\interfaceIn.xml	 Ak_max(calculated)149291.73333333334
10-mrt-2014 14:29:01	MPR2	D:\bu\Users\Thijs\workspace\thesis_multicore\interfaceIn.xml	 Ak_max(calculated)497134.16681954503
10-mrt-2014 14:29:01	MPR2	D:\bu\Users\Thijs\workspace\thesis_multicore\interfaceIn.xml	 Ak_max(calculated)223749.01433954292
10-mrt-2014 14:29:01	MPR2	D:\bu\Users\Thijs\workspace\thesis_multicore\interfaceIn.xml	 Ak_max(calculated)144141.33455038813
10-mrt-2014 14:29:01	MPR2	D:\bu\Users\Thijs\workspace\thesis_multicore\interfaceIn.xml	 Ak_max(calculated)106194.90620525587
10-mrt-2014 14:29:48	MPR2	D:\bu\Users\Thijs\workspace\thesis_multicore\interfaceIn.xml	 Ak_max(calculated)497134.16681954503
10-mrt-2014 14:29:48	MPR2	D:\bu\Users\Thijs\workspace\thesis_multicore\interfaceIn.xml	 Ak_max(calculated)223749.01433954292
10-mrt-2014 14:29:48	MPR2	D:\bu\Users\Thijs\workspace\thesis_multicore\interfaceIn.xml	 Ak_max(calculated)144141.33455038813
10-mrt-2014 14:29:48	MPR2	D:\bu\Users\Thijs\workspace\thesis_multicore\interfaceIn.xml	 Ak_max(calculated)106194.90620525587
10-mrt-2014 14:29:48	MPR2	D:\bu\Users\Thijs\workspace\thesis_multicore\interfaceIn.xml	 Ak_max(calculated)286671.16666661634
11-mrt-2014 16:32:59	MPR2	/test/interfaceIn.xml	 Ak_max(calculated)Infinity
11-mrt-2014 16:36:48	MPR2	/test/interfaceIn.xml	 Ak_max(calculated)Infinity
12-mrt-2014 15:35:05	MPR2	/test/interfaceIn.xml	 Ak_max(calculated)Infinity
12-mrt-2014 15:41:26	MPR2	/test/interfaceIn.xml	 Ak_max(calculated)Infinity
12-mrt-2014 15:42:35	MPR2	/test/interfaceIn.xml	 Ak_max(calculated)Infinity
12-mrt-2014 15:44:02	MPR2	/test/interfaceIn.xml	 Ak_max(calculated)Infinity
12-mrt-2014 15:45:20	MPR2	/test/interfaceIn.xml	 Ak_max(calculated)Infinity
12-mrt-2014 15:49:03	MPR2	/test/interfaceIn.xml	 Ak_max(calculated)Infinity
12-mrt-2014 15:55:10	MPR2	/test/interfaceIn.xml	 Ak_max(calculated)119050.66666666667
31-mrt-2014 22:05:28	MPR2	/test/interfaceIn.xml	 Ak_max(calculated)Infinity
31-mrt-2014 22:16:03	MPR2	/test/interfaceIn.xml	 Ak_max(calculated)Infinity
31-mrt-2014 22:17:03	MPR2	/test/interfaceIn.xml	 Ak_max(calculated)Infinity
31-mrt-2014 22:22:03	MPR2	/test/interfaceIn.xml	 Ak_max(calculated)Infinity
31-mrt-2014 22:23:50	MPR2	/test/interfaceIn.xml	 Ak_max(calculated)Infinity
31-mrt-2014 22:24:35	MPR2	/test/interfaceIn.xml	 Ak_max(calculated)Infinity
31-mrt-2014 22:26:39	MPR2	/test/interfaceIn.xml	 Ak_max(calculated)Infinity
31-mrt-2014 22:27:35	MPR2	/test/interfaceIn.xml	 Ak_max(calculated)Infinity
31-mrt-2014 22:28:46	MPR2	/test/interfaceIn.xml	 Ak_max(calculated)Infinity
31-mrt-2014 22:34:51	MPR2	/test/interfaceIn.xml	 Ak_max(calculated)Infinity
31-mrt-2014 22:36:07	MPR2	/test/interfaceIn.xml	 Ak_max(calculated)Infinity
31-mrt-2014 22:36:58	MPR2	/test/interfaceIn.xml	 Ak_max(calculated)Infinity
31-mrt-2014 22:41:03	MPR2	/test/interfaceIn.xml	 Ak_max(calculated)Infinity
31-mrt-2014 23:02:39	MPR2	/test/interfaceIn.xml	 Ak_max(calculated)Infinity
1-apr-2014 0:59:56	MPR2	/test/interfaceIn.xml	 Ak_max(calculated)Infinity
1-apr-2014 14:49:37	MPR2	/test/interfaceIn.xml	 Ak_max(calculated)Infinity
1-apr-2014 14:57:52	MPR2	/test/interfaceIn.xml	 Ak_max(calculated)Infinity
1-apr-2014 16:46:19	MPR2	/test/interfaceIn.xml	 Ak_max(calculated)Infinity
1-apr-2014 16:55:12	MPR2	/test/interfaceIn.xml	 Ak_max(calculated)Infinity
1-apr-2014 17:01:27	MPR2	/test/interfaceIn.xml	 Ak_max(calculated)Infinity
1-apr-2014 17:02:40	MPR2	/test/interfaceIn.xml	 Ak_max(calculated)Infinity
1-apr-2014 17:28:14	MPR2	/test/interfaceIn.xml	 Ak_max(calculated)Infinity
1-apr-2014 17:29:02	MPR2	/test/interfaceIn.xml	 Ak_max(calculated)Infinity
1-apr-2014 18:07:08	MPR2	/test/interfaceIn.xml	 Ak_max(calculated)Infinity
1-apr-2014 20:23:27	MPR2	/test/interfaceIn.xml	 Ak_max(calculated)Infinity
1-apr-2014 20:40:51	MPR2	/test/interfaceIn.xml	 Ak_max(calculated)Infinity
1-apr-2014 20:53:39	MPR2	/test/interfaceIn.xml	 Ak_max(calculated)Infinity
7-apr-2014 19:18:04	MPR2	/test/interfaceIn.xml	 Ak_max(calculated)Infinity
7-apr-2014 19:20:22	MPR2	/test/interfaceIn.xml	 Ak_max(calculated)119050.66666666667
8-apr-2014 0:57:30	MPR2	/test/interfaceIn.xml	 Ak_max(calculated)119050.66666666667
8-apr-2014 0:58:30	MPR2	/test/interfaceIn.xml	 Ak_max(calculated)119050.66666666667
